mode: atomic
github.com/wstiehler/tempocerto-backend/internal/domain/tempocerto/entity.go:30.44,32.2 1 2
github.com/wstiehler/tempocerto-backend/internal/domain/tempocerto/entity.go:34.44,36.2 1 5
github.com/wstiehler/tempocerto-backend/internal/domain/tempocerto/memory_adapter.go:12.99,13.49 1 2
github.com/wstiehler/tempocerto-backend/internal/domain/tempocerto/memory_adapter.go:13.49,15.3 1 0
github.com/wstiehler/tempocerto-backend/internal/domain/tempocerto/memory_adapter.go:16.2,16.22 1 2
github.com/wstiehler/tempocerto-backend/internal/domain/tempocerto/memory_adapter.go:19.102,20.46 1 130
github.com/wstiehler/tempocerto-backend/internal/domain/tempocerto/memory_adapter.go:20.46,22.3 1 0
github.com/wstiehler/tempocerto-backend/internal/domain/tempocerto/memory_adapter.go:23.2,23.19 1 130
github.com/wstiehler/tempocerto-backend/internal/domain/tempocerto/memory_adapter.go:26.85,29.15 2 0
github.com/wstiehler/tempocerto-backend/internal/domain/tempocerto/memory_adapter.go:29.15,30.31 1 0
github.com/wstiehler/tempocerto-backend/internal/domain/tempocerto/memory_adapter.go:30.31,32.4 1 0
github.com/wstiehler/tempocerto-backend/internal/domain/tempocerto/memory_adapter.go:35.2,35.96 1 0
github.com/wstiehler/tempocerto-backend/internal/domain/tempocerto/memory_adapter.go:35.96,38.3 2 0
github.com/wstiehler/tempocerto-backend/internal/domain/tempocerto/memory_adapter.go:40.2,40.42 1 0
github.com/wstiehler/tempocerto-backend/internal/domain/tempocerto/memory_adapter.go:40.42,43.3 2 0
github.com/wstiehler/tempocerto-backend/internal/domain/tempocerto/memory_adapter.go:45.2,45.12 1 0
github.com/wstiehler/tempocerto-backend/internal/domain/tempocerto/memory_adapter.go:48.133,50.141 2 1
github.com/wstiehler/tempocerto-backend/internal/domain/tempocerto/memory_adapter.go:50.141,52.3 1 1
github.com/wstiehler/tempocerto-backend/internal/domain/tempocerto/memory_adapter.go:53.2,53.27 1 0
github.com/wstiehler/tempocerto-backend/internal/domain/tempocerto/memory_adapter.go:56.75,58.46 2 2
github.com/wstiehler/tempocerto-backend/internal/domain/tempocerto/memory_adapter.go:58.46,60.3 1 0
github.com/wstiehler/tempocerto-backend/internal/domain/tempocerto/memory_adapter.go:61.2,61.19 1 2
github.com/wstiehler/tempocerto-backend/internal/domain/tempocerto/memory_adapter.go:64.79,66.78 2 1
github.com/wstiehler/tempocerto-backend/internal/domain/tempocerto/memory_adapter.go:66.78,68.3 1 0
github.com/wstiehler/tempocerto-backend/internal/domain/tempocerto/memory_adapter.go:69.2,69.19 1 1
github.com/wstiehler/tempocerto-backend/internal/domain/tempocerto/memory_adapter.go:72.85,76.2 3 1
github.com/wstiehler/tempocerto-backend/internal/domain/tempocerto/mysql_adapter.go:12.95,13.49 1 0
github.com/wstiehler/tempocerto-backend/internal/domain/tempocerto/mysql_adapter.go:13.49,15.3 1 0
github.com/wstiehler/tempocerto-backend/internal/domain/tempocerto/mysql_adapter.go:16.2,16.22 1 0
github.com/wstiehler/tempocerto-backend/internal/domain/tempocerto/mysql_adapter.go:19.98,20.46 1 0
github.com/wstiehler/tempocerto-backend/internal/domain/tempocerto/mysql_adapter.go:20.46,22.3 1 0
github.com/wstiehler/tempocerto-backend/internal/domain/tempocerto/mysql_adapter.go:23.2,23.19 1 0
github.com/wstiehler/tempocerto-backend/internal/domain/tempocerto/mysql_adapter.go:26.81,29.15 2 0
github.com/wstiehler/tempocerto-backend/internal/domain/tempocerto/mysql_adapter.go:29.15,30.31 1 0
github.com/wstiehler/tempocerto-backend/internal/domain/tempocerto/mysql_adapter.go:30.31,32.4 1 0
github.com/wstiehler/tempocerto-backend/internal/domain/tempocerto/mysql_adapter.go:35.2,35.96 1 0
github.com/wstiehler/tempocerto-backend/internal/domain/tempocerto/mysql_adapter.go:35.96,38.3 2 0
github.com/wstiehler/tempocerto-backend/internal/domain/tempocerto/mysql_adapter.go:40.2,40.42 1 0
github.com/wstiehler/tempocerto-backend/internal/domain/tempocerto/mysql_adapter.go:40.42,43.3 2 0
github.com/wstiehler/tempocerto-backend/internal/domain/tempocerto/mysql_adapter.go:45.2,45.12 1 0
github.com/wstiehler/tempocerto-backend/internal/domain/tempocerto/mysql_adapter.go:48.129,50.141 2 0
github.com/wstiehler/tempocerto-backend/internal/domain/tempocerto/mysql_adapter.go:50.141,52.3 1 0
github.com/wstiehler/tempocerto-backend/internal/domain/tempocerto/mysql_adapter.go:53.2,53.27 1 0
github.com/wstiehler/tempocerto-backend/internal/domain/tempocerto/mysql_adapter.go:56.71,58.46 2 0
github.com/wstiehler/tempocerto-backend/internal/domain/tempocerto/mysql_adapter.go:58.46,60.3 1 0
github.com/wstiehler/tempocerto-backend/internal/domain/tempocerto/mysql_adapter.go:61.2,61.19 1 0
github.com/wstiehler/tempocerto-backend/internal/domain/tempocerto/mysql_adapter.go:64.75,66.78 2 0
github.com/wstiehler/tempocerto-backend/internal/domain/tempocerto/mysql_adapter.go:66.78,68.3 1 0
github.com/wstiehler/tempocerto-backend/internal/domain/tempocerto/mysql_adapter.go:69.2,69.19 1 0
github.com/wstiehler/tempocerto-backend/internal/domain/tempocerto/mysql_adapter.go:72.81,76.2 3 0
github.com/wstiehler/tempocerto-backend/internal/domain/tempocerto/repository.go:14.72,19.2 1 8
github.com/wstiehler/tempocerto-backend/internal/domain/tempocerto/repository.go:21.83,23.2 1 2
github.com/wstiehler/tempocerto-backend/internal/domain/tempocerto/repository.go:25.86,27.2 1 130
github.com/wstiehler/tempocerto-backend/internal/domain/tempocerto/repository.go:29.137,31.2 1 1
github.com/wstiehler/tempocerto-backend/internal/domain/tempocerto/repository.go:33.69,35.2 1 0
github.com/wstiehler/tempocerto-backend/internal/domain/tempocerto/repository.go:37.72,39.2 1 2
github.com/wstiehler/tempocerto-backend/internal/domain/tempocerto/repository.go:41.76,43.2 1 1
github.com/wstiehler/tempocerto-backend/internal/domain/tempocerto/repository.go:45.69,47.2 1 1
github.com/wstiehler/tempocerto-backend/internal/domain/tempocerto/service.go:18.44,20.2 1 8
github.com/wstiehler/tempocerto-backend/internal/domain/tempocerto/service.go:22.39,24.2 1 2
github.com/wstiehler/tempocerto-backend/internal/domain/tempocerto/service.go:31.91,40.16 6 2
github.com/wstiehler/tempocerto-backend/internal/domain/tempocerto/service.go:40.16,43.3 2 0
github.com/wstiehler/tempocerto-backend/internal/domain/tempocerto/service.go:45.2,53.31 3 2
github.com/wstiehler/tempocerto-backend/internal/domain/tempocerto/service.go:56.166,68.67 9 5
github.com/wstiehler/tempocerto-backend/internal/domain/tempocerto/service.go:68.67,72.3 3 1
github.com/wstiehler/tempocerto-backend/internal/domain/tempocerto/service.go:74.2,75.33 2 4
github.com/wstiehler/tempocerto-backend/internal/domain/tempocerto/service.go:75.33,77.17 2 12
github.com/wstiehler/tempocerto-backend/internal/domain/tempocerto/service.go:77.17,80.4 2 0
github.com/wstiehler/tempocerto-backend/internal/domain/tempocerto/service.go:81.3,81.51 1 12
github.com/wstiehler/tempocerto-backend/internal/domain/tempocerto/service.go:84.2,86.84 2 4
github.com/wstiehler/tempocerto-backend/internal/domain/tempocerto/service.go:86.84,87.42 1 32
github.com/wstiehler/tempocerto-backend/internal/domain/tempocerto/service.go:87.42,88.30 1 96
github.com/wstiehler/tempocerto-backend/internal/domain/tempocerto/service.go:88.30,89.104 1 13
github.com/wstiehler/tempocerto-backend/internal/domain/tempocerto/service.go:89.104,103.20 5 130
github.com/wstiehler/tempocerto-backend/internal/domain/tempocerto/service.go:103.20,106.7 2 0
github.com/wstiehler/tempocerto-backend/internal/domain/tempocerto/service.go:108.6,117.57 2 130
github.com/wstiehler/tempocerto-backend/internal/domain/tempocerto/service.go:123.2,125.26 2 4
github.com/wstiehler/tempocerto-backend/internal/domain/tempocerto/service.go:128.60,129.20 1 20
github.com/wstiehler/tempocerto-backend/internal/domain/tempocerto/service.go:130.16,131.26 1 1
github.com/wstiehler/tempocerto-backend/internal/domain/tempocerto/service.go:132.16,133.26 1 5
github.com/wstiehler/tempocerto-backend/internal/domain/tempocerto/service.go:134.17,135.27 1 1
github.com/wstiehler/tempocerto-backend/internal/domain/tempocerto/service.go:136.19,137.29 1 5
github.com/wstiehler/tempocerto-backend/internal/domain/tempocerto/service.go:138.18,139.28 1 1
github.com/wstiehler/tempocerto-backend/internal/domain/tempocerto/service.go:140.16,141.26 1 5
github.com/wstiehler/tempocerto-backend/internal/domain/tempocerto/service.go:142.18,143.28 1 1
github.com/wstiehler/tempocerto-backend/internal/domain/tempocerto/service.go:144.10,145.68 1 1
github.com/wstiehler/tempocerto-backend/internal/domain/tempocerto/service.go:149.136,156.16 5 1
github.com/wstiehler/tempocerto-backend/internal/domain/tempocerto/service.go:156.16,159.3 2 1
github.com/wstiehler/tempocerto-backend/internal/domain/tempocerto/service.go:161.2,165.67 4 0
github.com/wstiehler/tempocerto-backend/internal/domain/tempocerto/service.go:165.67,168.3 2 0
github.com/wstiehler/tempocerto-backend/internal/domain/tempocerto/service.go:170.2,181.21 3 0
github.com/wstiehler/tempocerto-backend/internal/domain/tempocerto/service.go:184.82,191.16 5 2
github.com/wstiehler/tempocerto-backend/internal/domain/tempocerto/service.go:191.16,194.3 2 0
github.com/wstiehler/tempocerto-backend/internal/domain/tempocerto/service.go:196.2,197.29 2 2
github.com/wstiehler/tempocerto-backend/internal/domain/tempocerto/service.go:197.29,206.3 1 100
github.com/wstiehler/tempocerto-backend/internal/domain/tempocerto/service.go:208.2,210.28 2 2
github.com/wstiehler/tempocerto-backend/internal/domain/tempocerto/service.go:213.72,220.16 5 1
github.com/wstiehler/tempocerto-backend/internal/domain/tempocerto/service.go:220.16,223.3 2 0
github.com/wstiehler/tempocerto-backend/internal/domain/tempocerto/service.go:225.2,226.29 2 1
github.com/wstiehler/tempocerto-backend/internal/domain/tempocerto/service.go:226.29,228.17 2 0
github.com/wstiehler/tempocerto-backend/internal/domain/tempocerto/service.go:228.17,231.4 2 0
github.com/wstiehler/tempocerto-backend/internal/domain/tempocerto/service.go:233.3,245.50 2 0
github.com/wstiehler/tempocerto-backend/internal/domain/tempocerto/service.go:248.2,250.27 2 1
github.com/wstiehler/tempocerto-backend/internal/domain/tempocerto/service.go:253.75,260.16 5 1
github.com/wstiehler/tempocerto-backend/internal/domain/tempocerto/service.go:260.16,263.3 2 0
github.com/wstiehler/tempocerto-backend/internal/domain/tempocerto/service.go:265.2,272.24 3 1
