mode: atomic
github.com/wstiehler/tempocerto-backend/internal/domain/tempocerto/entity.go:41.44,43.2 1 2
github.com/wstiehler/tempocerto-backend/internal/domain/tempocerto/entity.go:45.44,47.2 1 7
github.com/wstiehler/tempocerto-backend/internal/domain/tempocerto/memory_adapter.go:12.99,13.49 1 2
github.com/wstiehler/tempocerto-backend/internal/domain/tempocerto/memory_adapter.go:13.49,15.3 1 0
github.com/wstiehler/tempocerto-backend/internal/domain/tempocerto/memory_adapter.go:16.2,16.22 1 2
github.com/wstiehler/tempocerto-backend/internal/domain/tempocerto/memory_adapter.go:19.102,20.46 1 40
github.com/wstiehler/tempocerto-backend/internal/domain/tempocerto/memory_adapter.go:20.46,22.3 1 0
github.com/wstiehler/tempocerto-backend/internal/domain/tempocerto/memory_adapter.go:23.2,23.19 1 40
github.com/wstiehler/tempocerto-backend/internal/domain/tempocerto/memory_adapter.go:26.85,29.15 2 1
github.com/wstiehler/tempocerto-backend/internal/domain/tempocerto/memory_adapter.go:29.15,30.31 1 1
github.com/wstiehler/tempocerto-backend/internal/domain/tempocerto/memory_adapter.go:30.31,32.4 1 0
github.com/wstiehler/tempocerto-backend/internal/domain/tempocerto/memory_adapter.go:35.2,35.96 1 1
github.com/wstiehler/tempocerto-backend/internal/domain/tempocerto/memory_adapter.go:35.96,38.3 2 0
github.com/wstiehler/tempocerto-backend/internal/domain/tempocerto/memory_adapter.go:40.2,40.42 1 1
github.com/wstiehler/tempocerto-backend/internal/domain/tempocerto/memory_adapter.go:40.42,43.3 2 0
github.com/wstiehler/tempocerto-backend/internal/domain/tempocerto/memory_adapter.go:45.2,45.12 1 1
github.com/wstiehler/tempocerto-backend/internal/domain/tempocerto/memory_adapter.go:48.133,50.141 2 3
github.com/wstiehler/tempocerto-backend/internal/domain/tempocerto/memory_adapter.go:50.141,52.3 1 2
github.com/wstiehler/tempocerto-backend/internal/domain/tempocerto/memory_adapter.go:53.2,53.27 1 1
github.com/wstiehler/tempocerto-backend/internal/domain/tempocerto/memory_adapter.go:56.75,58.46 2 2
github.com/wstiehler/tempocerto-backend/internal/domain/tempocerto/memory_adapter.go:58.46,60.3 1 0
github.com/wstiehler/tempocerto-backend/internal/domain/tempocerto/memory_adapter.go:61.2,61.19 1 2
github.com/wstiehler/tempocerto-backend/internal/domain/tempocerto/memory_adapter.go:64.79,66.78 2 1
github.com/wstiehler/tempocerto-backend/internal/domain/tempocerto/memory_adapter.go:66.78,68.3 1 0
github.com/wstiehler/tempocerto-backend/internal/domain/tempocerto/memory_adapter.go:69.2,69.19 1 1
github.com/wstiehler/tempocerto-backend/internal/domain/tempocerto/memory_adapter.go:72.85,76.2 3 1
github.com/wstiehler/tempocerto-backend/internal/domain/tempocerto/mysql_adapter.go:12.95,13.49 1 0
github.com/wstiehler/tempocerto-backend/internal/domain/tempocerto/mysql_adapter.go:13.49,15.3 1 0
github.com/wstiehler/tempocerto-backend/internal/domain/tempocerto/mysql_adapter.go:16.2,16.22 1 0
github.com/wstiehler/tempocerto-backend/internal/domain/tempocerto/mysql_adapter.go:19.98,20.46 1 0
github.com/wstiehler/tempocerto-backend/internal/domain/tempocerto/mysql_adapter.go:20.46,22.3 1 0
github.com/wstiehler/tempocerto-backend/internal/domain/tempocerto/mysql_adapter.go:23.2,23.19 1 0
github.com/wstiehler/tempocerto-backend/internal/domain/tempocerto/mysql_adapter.go:26.81,29.15 2 0
github.com/wstiehler/tempocerto-backend/internal/domain/tempocerto/mysql_adapter.go:29.15,30.31 1 0
github.com/wstiehler/tempocerto-backend/internal/domain/tempocerto/mysql_adapter.go:30.31,32.4 1 0
github.com/wstiehler/tempocerto-backend/internal/domain/tempocerto/mysql_adapter.go:35.2,35.96 1 0
github.com/wstiehler/tempocerto-backend/internal/domain/tempocerto/mysql_adapter.go:35.96,38.3 2 0
github.com/wstiehler/tempocerto-backend/internal/domain/tempocerto/mysql_adapter.go:40.2,40.42 1 0
github.com/wstiehler/tempocerto-backend/internal/domain/tempocerto/mysql_adapter.go:40.42,43.3 2 0
github.com/wstiehler/tempocerto-backend/internal/domain/tempocerto/mysql_adapter.go:45.2,45.12 1 0
github.com/wstiehler/tempocerto-backend/internal/domain/tempocerto/mysql_adapter.go:48.129,50.141 2 0
github.com/wstiehler/tempocerto-backend/internal/domain/tempocerto/mysql_adapter.go:50.141,52.3 1 0
github.com/wstiehler/tempocerto-backend/internal/domain/tempocerto/mysql_adapter.go:53.2,53.27 1 0
github.com/wstiehler/tempocerto-backend/internal/domain/tempocerto/mysql_adapter.go:56.71,58.46 2 0
github.com/wstiehler/tempocerto-backend/internal/domain/tempocerto/mysql_adapter.go:58.46,60.3 1 0
github.com/wstiehler/tempocerto-backend/internal/domain/tempocerto/mysql_adapter.go:61.2,61.19 1 0
github.com/wstiehler/tempocerto-backend/internal/domain/tempocerto/mysql_adapter.go:64.75,66.78 2 0
github.com/wstiehler/tempocerto-backend/internal/domain/tempocerto/mysql_adapter.go:66.78,68.3 1 0
github.com/wstiehler/tempocerto-backend/internal/domain/tempocerto/mysql_adapter.go:69.2,69.19 1 0
github.com/wstiehler/tempocerto-backend/internal/domain/tempocerto/mysql_adapter.go:72.81,76.2 3 0
github.com/wstiehler/tempocerto-backend/internal/domain/tempocerto/repository.go:14.72,19.2 1 9
github.com/wstiehler/tempocerto-backend/internal/domain/tempocerto/repository.go:21.83,23.2 1 2
github.com/wstiehler/tempocerto-backend/internal/domain/tempocerto/repository.go:25.86,27.2 1 40
github.com/wstiehler/tempocerto-backend/internal/domain/tempocerto/repository.go:29.137,31.2 1 3
github.com/wstiehler/tempocerto-backend/internal/domain/tempocerto/repository.go:33.69,35.2 1 1
github.com/wstiehler/tempocerto-backend/internal/domain/tempocerto/repository.go:37.72,39.2 1 2
github.com/wstiehler/tempocerto-backend/internal/domain/tempocerto/repository.go:41.76,43.2 1 1
github.com/wstiehler/tempocerto-backend/internal/domain/tempocerto/repository.go:45.69,47.2 1 1
github.com/wstiehler/tempocerto-backend/internal/domain/tempocerto/service.go:17.44,19.2 1 9
github.com/wstiehler/tempocerto-backend/internal/domain/tempocerto/service.go:21.39,23.2 1 2
github.com/wstiehler/tempocerto-backend/internal/domain/tempocerto/service.go:30.91,39.16 6 2
github.com/wstiehler/tempocerto-backend/internal/domain/tempocerto/service.go:39.16,42.3 2 0
github.com/wstiehler/tempocerto-backend/internal/domain/tempocerto/service.go:44.2,52.31 3 2
github.com/wstiehler/tempocerto-backend/internal/domain/tempocerto/service.go:55.102,67.101 8 4
github.com/wstiehler/tempocerto-backend/internal/domain/tempocerto/service.go:67.101,81.17 5 40
github.com/wstiehler/tempocerto-backend/internal/domain/tempocerto/service.go:81.17,84.4 2 0
github.com/wstiehler/tempocerto-backend/internal/domain/tempocerto/service.go:86.3,95.55 2 40
github.com/wstiehler/tempocerto-backend/internal/domain/tempocerto/service.go:98.2,100.26 2 4
github.com/wstiehler/tempocerto-backend/internal/domain/tempocerto/service.go:103.136,110.16 5 3
github.com/wstiehler/tempocerto-backend/internal/domain/tempocerto/service.go:110.16,113.3 2 2
github.com/wstiehler/tempocerto-backend/internal/domain/tempocerto/service.go:115.2,119.67 4 1
github.com/wstiehler/tempocerto-backend/internal/domain/tempocerto/service.go:119.67,122.3 2 0
github.com/wstiehler/tempocerto-backend/internal/domain/tempocerto/service.go:124.2,135.21 3 1
github.com/wstiehler/tempocerto-backend/internal/domain/tempocerto/service.go:138.82,145.16 5 2
github.com/wstiehler/tempocerto-backend/internal/domain/tempocerto/service.go:145.16,148.3 2 0
github.com/wstiehler/tempocerto-backend/internal/domain/tempocerto/service.go:150.2,151.29 2 2
github.com/wstiehler/tempocerto-backend/internal/domain/tempocerto/service.go:151.29,160.3 1 20
github.com/wstiehler/tempocerto-backend/internal/domain/tempocerto/service.go:162.2,164.28 2 2
github.com/wstiehler/tempocerto-backend/internal/domain/tempocerto/service.go:167.72,174.16 5 1
github.com/wstiehler/tempocerto-backend/internal/domain/tempocerto/service.go:174.16,177.3 2 0
github.com/wstiehler/tempocerto-backend/internal/domain/tempocerto/service.go:179.2,180.29 2 1
github.com/wstiehler/tempocerto-backend/internal/domain/tempocerto/service.go:180.29,182.17 2 0
github.com/wstiehler/tempocerto-backend/internal/domain/tempocerto/service.go:182.17,185.4 2 0
github.com/wstiehler/tempocerto-backend/internal/domain/tempocerto/service.go:187.3,200.50 2 0
github.com/wstiehler/tempocerto-backend/internal/domain/tempocerto/service.go:203.2,205.27 2 1
github.com/wstiehler/tempocerto-backend/internal/domain/tempocerto/service.go:208.75,215.16 5 1
github.com/wstiehler/tempocerto-backend/internal/domain/tempocerto/service.go:215.16,218.3 2 0
github.com/wstiehler/tempocerto-backend/internal/domain/tempocerto/service.go:220.2,227.24 3 1
